<?xml version="1.0" encoding="UTF-8"?>
<testng-results ignored="0" total="5" passed="5" failed="0" skipped="0">
  <reporter-output>
  </reporter-output>
  <suite started-at="2023-01-24T09:00:14 IST" name="Default suite" finished-at="2023-01-24T09:00:15 IST" duration-ms="497">
    <groups>
    </groups>
    <test started-at="2023-01-24T09:00:14 IST" name="Default test" finished-at="2023-01-24T09:00:15 IST" duration-ms="497">
      <class name="Extend_Report.Sample1">
        <test-method is-config="true" signature="beforeTest()[pri:0, instance:Extend_Report.Sample1@11c9af63]" started-at="2023-01-24T09:00:14 IST" name="beforeTest" finished-at="2023-01-24T09:00:15 IST" duration-ms="140" status="PASS">
          <reporter-output>
          </reporter-output>
        </test-method> <!-- beforeTest -->
        <test-method signature="f1()[pri:0, instance:Extend_Report.Sample1@11c9af63]" started-at="2023-01-24T09:00:15 IST" name="f1" finished-at="2023-01-24T09:00:15 IST" duration-ms="14" status="PASS">
          <reporter-output>
          </reporter-output>
        </test-method> <!-- f1 -->
        <test-method signature="f2()[pri:0, instance:Extend_Report.Sample1@11c9af63]" started-at="2023-01-24T09:00:15 IST" name="f2" finished-at="2023-01-24T09:00:15 IST" duration-ms="2" status="PASS">
          <reporter-output>
          </reporter-output>
        </test-method> <!-- f2 -->
        <test-method signature="f3()[pri:0, instance:Extend_Report.Sample1@11c9af63]" started-at="2023-01-24T09:00:15 IST" name="f3" finished-at="2023-01-24T09:00:15 IST" duration-ms="2" status="PASS">
          <reporter-output>
          </reporter-output>
        </test-method> <!-- f3 -->
        <test-method signature="f4()[pri:0, instance:Extend_Report.Sample1@11c9af63]" started-at="2023-01-24T09:00:15 IST" name="f4" finished-at="2023-01-24T09:00:15 IST" duration-ms="1" status="PASS">
          <reporter-output>
          </reporter-output>
        </test-method> <!-- f4 -->
        <test-method signature="f5()[pri:0, instance:Extend_Report.Sample1@11c9af63]" started-at="2023-01-24T09:00:15 IST" name="f5" finished-at="2023-01-24T09:00:15 IST" duration-ms="1" status="PASS">
          <reporter-output>
          </reporter-output>
        </test-method> <!-- f5 -->
        <test-method is-config="true" signature="afterTest()[pri:0, instance:Extend_Report.Sample1@11c9af63]" started-at="2023-01-24T09:00:15 IST" name="afterTest" finished-at="2023-01-24T09:00:15 IST" duration-ms="304" status="PASS">
          <reporter-output>
          </reporter-output>
        </test-method> <!-- afterTest -->
      </class> <!-- Extend_Report.Sample1 -->
    </test> <!-- Default test -->
  </suite> <!-- Default suite -->
</testng-results>
